[17:43:00] [Server thread/INFO]: Starting minecraft server version 1.11
[17:43:00] [Server thread/INFO]: Loading properties
[17:43:00] [Server thread/INFO]: Default game type: SURVIVAL
[17:43:00] [Server thread/INFO]: Generating keypair
[17:43:00] [Server thread/INFO]: Starting Minecraft server on *:25565
[17:43:00] [Server thread/INFO]: Using default channel type
[17:43:01] [Server thread/WARN]: **** SERVER IS RUNNING IN OFFLINE/INSECURE MODE!
[17:43:01] [Server thread/WARN]: The server will make no attempt to authenticate usernames. Beware.
[17:43:01] [Server thread/WARN]: While this makes the game possible to play without internet access, it also opens up the ability for hackers to connect with any username they choose.
[17:43:01] [Server thread/WARN]: To change this, set "online-mode" to "true" in the server.properties file.
[17:43:01] [Server thread/INFO]: Preparing level "Fall2016"
[17:43:01] [Server thread/INFO]: Preparing start region for level 0
[17:43:02] [Server thread/INFO]: Preparing spawn area: 0%
[17:43:03] [Server thread/INFO]: Preparing spawn area: 60%
[17:43:04] [Server thread/INFO]: Done (3.063s)! For help, type "help" or "?"
[17:44:07] [Server thread/INFO]: michael13162[/127.0.0.1:7430] logged in with entity id 78 at (-554.2073546951974, 70.0, -161.37082183703964)
[17:44:07] [Server thread/INFO]: michael13162 joined the game
[17:44:14] [Server thread/WARN]: Can't keep up! Did the system time change, or is the server overloaded? Running 4930ms behind, skipping 98 tick(s)
[17:44:43] [Server thread/INFO]: letag[/155.99.229.80:37072] logged in with entity id 997 at (-552.6928981096822, 70.0, -160.35548477834985)
[17:44:43] [Server thread/INFO]: letag joined the game
[17:44:47] [Server thread/INFO]: machew22[/155.99.150.7:58370] logged in with entity id 1498 at (-554.0816502164311, 70.0, -157.48400550773223)
[17:44:47] [Server thread/INFO]: machew22 joined the game
[17:44:49] [Server thread/INFO]: KaijuCandy[/155.99.230.37:55790] logged in with entity id 1800 at (-572.3753455030927, 63.0, -162.79979971452212)
[17:44:49] [Server thread/INFO]: KaijuCandy joined the game
[17:46:30] [Server thread/INFO]: kusumit[/10.95.7.34:47421] logged in with entity id 4308 at (-478.05697228151814, 93.0, -100.30000001192093)
[17:46:30] [Server thread/INFO]: kusumit joined the game
[17:48:08] [Server thread/INFO]: letag lost connection: TextComponent{text='Disconnected', siblings=[], style=Style{hasParent=false, color=null, bold=null, italic=null, underlined=null, obfuscated=null, clickEvent=null, hoverEvent=null, insertion=null}}
[17:48:08] [Server thread/INFO]: letag left the game
[17:49:04] [Server thread/INFO]: letag[/155.99.229.80:37298] logged in with entity id 11676 at (-555.4522287615325, 70.0, -163.32611764550234)
[17:49:04] [Server thread/INFO]: letag joined the game
[17:50:06] [Server thread/INFO]: letag lost connection: TranslatableComponent{key='disconnect.genericReason', args=[Internal Exception: java.io.IOException: An existing connection was forcibly closed by the remote host], siblings=[], style=Style{hasParent=false, color=null, bold=null, italic=null, underlined=null, obfuscated=null, clickEvent=null, hoverEvent=null, insertion=null}}
[17:50:06] [Server thread/INFO]: letag left the game
[17:50:24] [Server thread/INFO]: letag[/10.95.6.201:33030] logged in with entity id 15768 at (-555.1025068042285, 70.0, -163.420506435892)
[17:50:24] [Server thread/INFO]: letag joined the game
[17:52:19] [Server thread/INFO]: KaijuCandy has just earned the achievement [Time to Strike!]
[17:52:27] [Server thread/WARN]: Can't keep up! Did the system time change, or is the server overloaded? Running 2136ms behind, skipping 42 tick(s)
[17:52:27] [Server thread/WARN]: michael13162 moved too quickly! 447.4604336560566,-51.0,171.80828333355475
[17:54:30] [Server thread/WARN]: michael13162 moved too quickly! -447.78197325919155,51.0,-170.83996255479715
[17:56:22] [Server thread/INFO]: kusumit lost connection: TextComponent{text='Disconnected', siblings=[], style=Style{hasParent=false, color=null, bold=null, italic=null, underlined=null, obfuscated=null, clickEvent=null, hoverEvent=null, insertion=null}}
[17:56:22] [Server thread/INFO]: kusumit left the game
[17:56:31] [Server thread/INFO]: kusumit[/10.95.7.34:48565] logged in with entity id 26081 at (-497.4245433426212, 70.0, -94.28597043521457)
[17:56:31] [Server thread/INFO]: kusumit joined the game
[17:59:52] [Server thread/INFO]: kusumit lost connection: TextComponent{text='Disconnected', siblings=[], style=Style{hasParent=false, color=null, bold=null, italic=null, underlined=null, obfuscated=null, clickEvent=null, hoverEvent=null, insertion=null}}
[17:59:52] [Server thread/INFO]: kusumit left the game
[18:00:00] [Server thread/INFO]: kusumit[/10.95.7.34:48977] logged in with entity id 32309 at (-523.6887814669901, 69.0, -17.815513020568545)
[18:00:00] [Server thread/INFO]: kusumit joined the game
[18:00:08] [Server thread/INFO]: KaijuCandy has just earned the achievement [Monster Hunter]
[18:20:16] [Server thread/WARN]: machew22 moved too quickly! -1.268719656695282,0.0,-9.959941705345528
[18:20:16] [Server thread/INFO]: letag lost connection: TranslatableComponent{key='disconnect.genericReason', args=[Internal Exception: java.io.IOException: An existing connection was forcibly closed by the remote host], siblings=[], style=Style{hasParent=false, color=null, bold=null, italic=null, underlined=null, obfuscated=null, clickEvent=null, hoverEvent=null, insertion=null}}
[18:20:16] [Server thread/INFO]: letag left the game
[18:20:19] [Server thread/INFO]: letag[/10.95.6.201:33128] logged in with entity id 78188 at (-316.6717128721537, 69.0, -83.25147294233449)
[18:20:19] [Server thread/INFO]: letag joined the game
[18:23:23] [Server thread/WARN]: kusumit moved too quickly! -9.708353014364207,0.0,-2.427749776744541
[18:23:27] [Server thread/INFO]: letag lost connection: TextComponent{text='Disconnected', siblings=[], style=Style{hasParent=false, color=null, bold=null, italic=null, underlined=null, obfuscated=null, clickEvent=null, hoverEvent=null, insertion=null}}
[18:23:27] [Server thread/INFO]: letag left the game
[18:23:29] [Server thread/INFO]: letag[/10.95.6.201:33132] logged in with entity id 87873 at (-552.1818895439387, 70.0, -159.84800572241352)
[18:23:29] [Server thread/INFO]: letag joined the game
[18:47:39] [Server thread/WARN]: letag moved too quickly! -6.262006271378596,0.0,7.82083206286444
[18:47:52] [Server thread/INFO]: kusumit lost connection: TextComponent{text='Disconnected', siblings=[], style=Style{hasParent=false, color=null, bold=null, italic=null, underlined=null, obfuscated=null, clickEvent=null, hoverEvent=null, insertion=null}}
[18:47:52] [Server thread/INFO]: kusumit left the game
[18:47:52] [Server thread/INFO]: kusumit[/10.95.7.34:54483] logged in with entity id 150056 at (-538.6423745759539, 60.0, -134.10985924600644)
[18:47:52] [Server thread/INFO]: kusumit joined the game
[18:48:14] [Server thread/INFO]: Disconnecting com.mojang.authlib.GameProfile@1bc90654[id=66e27442-e083-3b05-a2da-6109da0e8db7,name=kusumit,properties={},legacy=false] (/10.95.7.34:54487): Took too long to log in
[18:48:14] [Server thread/INFO]: com.mojang.authlib.GameProfile@1bc90654[id=66e27442-e083-3b05-a2da-6109da0e8db7,name=kusumit,properties={},legacy=false] (/10.95.7.34:54487) lost connection: Took too long to log in
[18:57:56] [Server thread/INFO]: michael13162 was blown up by Creeper
[18:57:59] [Server thread/WARN]: Fetching addPacket for removed entity
[19:00:41] [Server thread/INFO]: michael13162 was killed by Witch using magic
[19:17:27] [Server thread/INFO]: <letag> Sleep doods
[19:17:34] [Server thread/INFO]: <letag> yeah
[19:17:52] [Server thread/INFO]: <letag> aaaaaaaaaaaaaaaaaaaaaaaaaaaaaaaaaaaaaaaaaaaaaaaaaaaaaaaaaaaaaaaaaaaaa
[19:18:07] [Server thread/INFO]: machew22 lost connection: TextComponent{text='Disconnected', siblings=[], style=Style{hasParent=false, color=null, bold=null, italic=null, underlined=null, obfuscated=null, clickEvent=null, hoverEvent=null, insertion=null}}
[19:18:07] [Server thread/INFO]: machew22 left the game
[19:18:09] [Server thread/INFO]: KaijuCandy lost connection: TextComponent{text='Disconnected', siblings=[], style=Style{hasParent=false, color=null, bold=null, italic=null, underlined=null, obfuscated=null, clickEvent=null, hoverEvent=null, insertion=null}}
[19:18:09] [Server thread/INFO]: KaijuCandy left the game
[19:18:15] [Server thread/INFO]: machew22[/155.99.150.7:50867] logged in with entity id 226223 at (-664.3000000119209, 10.0, -397.65467879902064)
[19:18:15] [Server thread/INFO]: machew22 joined the game
[19:18:16] [Server thread/INFO]: KaijuCandy[/155.99.230.37:56179] logged in with entity id 226352 at (-651.1518502806364, 8.0, -369.91328588247063)
[19:18:16] [Server thread/INFO]: KaijuCandy joined the game
[19:18:52] [Server thread/WARN]: Boat moved wrongly!
[19:18:52] [Server thread/WARN]: Boat moved wrongly!
[19:18:52] [Server thread/WARN]: Boat moved wrongly!
[19:19:40] [Server thread/WARN]: michael13162 moved wrongly!
[19:19:43] [Server thread/WARN]: letag moved wrongly!
[19:20:21] [Server thread/WARN]: michael13162 moved wrongly!
[19:22:39] [Server thread/WARN]: Can't keep up! Did the system time change, or is the server overloaded? Running 2053ms behind, skipping 41 tick(s)
[19:22:56] [Server thread/WARN]: Can't keep up! Did the system time change, or is the server overloaded? Running 3672ms behind, skipping 73 tick(s)
[19:24:39] [Server thread/INFO]: letag lost connection: TranslatableComponent{key='disconnect.genericReason', args=[Internal Exception: java.io.IOException: An existing connection was forcibly closed by the remote host], siblings=[], style=Style{hasParent=false, color=null, bold=null, italic=null, underlined=null, obfuscated=null, clickEvent=null, hoverEvent=null, insertion=null}}
[19:24:39] [Server thread/INFO]: letag left the game
[19:24:39] [Server thread/INFO]: kusumit lost connection: TranslatableComponent{key='disconnect.genericReason', args=[Internal Exception: java.io.IOException: An existing connection was forcibly closed by the remote host], siblings=[], style=Style{hasParent=false, color=null, bold=null, italic=null, underlined=null, obfuscated=null, clickEvent=null, hoverEvent=null, insertion=null}}
[19:24:39] [Server thread/INFO]: kusumit left the game
[19:24:39] [Server thread/INFO]: machew22 lost connection: TranslatableComponent{key='disconnect.genericReason', args=[Internal Exception: java.io.IOException: An existing connection was forcibly closed by the remote host], siblings=[], style=Style{hasParent=false, color=null, bold=null, italic=null, underlined=null, obfuscated=null, clickEvent=null, hoverEvent=null, insertion=null}}
[19:24:39] [Server thread/INFO]: machew22 left the game
[19:24:39] [Server thread/INFO]: KaijuCandy lost connection: TranslatableComponent{key='disconnect.genericReason', args=[Internal Exception: java.io.IOException: An existing connection was forcibly closed by the remote host], siblings=[], style=Style{hasParent=false, color=null, bold=null, italic=null, underlined=null, obfuscated=null, clickEvent=null, hoverEvent=null, insertion=null}}
[19:24:39] [Server thread/INFO]: KaijuCandy left the game
[19:25:20] [Server thread/INFO]: machew22[/155.99.150.7:50888] logged in with entity id 247572 at (-663.9377452741226, 32.0, -392.00594273451975)
[19:25:20] [Server thread/INFO]: machew22 joined the game
[19:25:22] [Server thread/INFO]: com.mojang.authlib.GameProfile@47634bb6[id=<null>,name=letag,properties={},legacy=false] (/10.95.6.201:33460) lost connection: Disconnected
[19:25:23] [Server thread/INFO]: letag[/10.95.6.201:33462] logged in with entity id 248544 at (-883.7736421072132, 91.76636799395752, -1278.4205600211244)
[19:25:23] [Server thread/INFO]: letag joined the game
[19:25:32] [Server thread/INFO]: kusumit[/10.95.7.34:58893] logged in with entity id 249381 at (-886.3378750025751, 87.0, -1278.1417457222549)
[19:25:32] [Server thread/INFO]: kusumit joined the game
[19:26:13] [Server thread/INFO]: KaijuCandy[/155.99.230.37:56200] logged in with entity id 250887 at (-680.6999999880791, 8.0, -374.18802380793994)
[19:26:13] [Server thread/INFO]: KaijuCandy joined the game
[19:27:51] [Server thread/INFO]: KaijuCandy lost connection: TextComponent{text='Disconnected', siblings=[], style=Style{hasParent=false, color=null, bold=null, italic=null, underlined=null, obfuscated=null, clickEvent=null, hoverEvent=null, insertion=null}}
[19:27:51] [Server thread/INFO]: KaijuCandy left the game
[19:28:13] [Server thread/WARN]: kusumit moved wrongly!
[19:30:47] [Server thread/INFO]: KaijuCandy[/155.99.230.37:56429] logged in with entity id 261953 at (-680.6999999880791, 8.0, -374.18802380793994)
[19:30:47] [Server thread/INFO]: KaijuCandy joined the game
[19:33:41] [Server thread/INFO]: KaijuCandy has just earned the achievement [Acquire Hardware]
[19:46:31] [Server thread/INFO]: machew22 has just earned the achievement [DIAMONDS!]
[19:51:21] [Server thread/WARN]: KaijuCandy moved wrongly!
[19:51:51] [Server thread/WARN]: michael13162 moved wrongly!
[19:53:49] [Server thread/INFO]: letag lost connection: TranslatableComponent{key='disconnect.genericReason', args=[Internal Exception: java.io.IOException: An existing connection was forcibly closed by the remote host], siblings=[], style=Style{hasParent=false, color=null, bold=null, italic=null, underlined=null, obfuscated=null, clickEvent=null, hoverEvent=null, insertion=null}}
[19:53:49] [Server thread/INFO]: letag left the game
[19:53:49] [Server thread/WARN]: machew22 moved too quickly! 10.124029896989327,0.0,1.331670971466906
[19:54:00] [Server thread/INFO]: letag[/10.95.6.201:33532] logged in with entity id 306199 at (-971.5124999880791, 15.0, -1611.3958247634632)
[19:54:00] [Server thread/INFO]: letag joined the game
[19:54:00] [Server thread/INFO]: kusumit lost connection: TranslatableComponent{key='disconnect.timeout', args=[], siblings=[], style=Style{hasParent=false, color=null, bold=null, italic=null, underlined=null, obfuscated=null, clickEvent=null, hoverEvent=null, insertion=null}}
[19:54:00] [Server thread/INFO]: kusumit left the game
[19:54:01] [Server thread/INFO]: letag lost connection: TextComponent{text='Disconnected', siblings=[], style=Style{hasParent=false, color=null, bold=null, italic=null, underlined=null, obfuscated=null, clickEvent=null, hoverEvent=null, insertion=null}}
[19:54:01] [Server thread/INFO]: letag left the game
[19:54:01] [Server thread/INFO]: letag[/10.95.6.201:33530] logged in with entity id 306290 at (-971.5124999880791, 15.0, -1611.3958247634632)
[19:54:01] [Server thread/INFO]: letag joined the game
[19:54:08] [Server thread/INFO]: kusumit[/10.95.7.34:62131] logged in with entity id 306405 at (-964.5906491426656, 14.0, -1609.3135200571207)
[19:54:08] [Server thread/INFO]: kusumit joined the game
[19:54:35] [Server thread/INFO]: letag lost connection: TextComponent{text='Disconnected', siblings=[], style=Style{hasParent=false, color=null, bold=null, italic=null, underlined=null, obfuscated=null, clickEvent=null, hoverEvent=null, insertion=null}}
[19:54:35] [Server thread/INFO]: letag left the game
[19:54:36] [Server thread/INFO]: letag[/10.95.6.201:33534] logged in with entity id 307397 at (-971.5124999880791, 15.0, -1611.3958247634632)
[19:54:36] [Server thread/INFO]: letag joined the game
[20:00:54] [Server thread/INFO]: KaijuCandy lost connection: TextComponent{text='Disconnected', siblings=[], style=Style{hasParent=false, color=null, bold=null, italic=null, underlined=null, obfuscated=null, clickEvent=null, hoverEvent=null, insertion=null}}
[20:00:54] [Server thread/INFO]: KaijuCandy left the game
[20:03:41] [Server thread/INFO]: KaijuCandy[/155.99.230.37:56524] logged in with entity id 324937 at (-672.7819191967977, 8.0, -370.9980361616232)
[20:03:41] [Server thread/INFO]: KaijuCandy joined the game
[20:09:32] [Server thread/WARN]: Can't keep up! Did the system time change, or is the server overloaded? Running 2187ms behind, skipping 43 tick(s)
[20:12:56] [Server thread/WARN]: kusumit moved too quickly! -9.208867775696831,0.0,-4.079442828012361
[20:12:57] [Server thread/WARN]: letag moved too quickly! -9.053942727551771,0.0,4.250459218228343
[20:14:00] [Server thread/WARN]: Can't keep up! Did the system time change, or is the server overloaded? Running 2116ms behind, skipping 42 tick(s)
[20:16:46] [Server thread/WARN]: Can't keep up! Did the system time change, or is the server overloaded? Running 2041ms behind, skipping 40 tick(s)
[20:17:05] [Server thread/WARN]: Can't keep up! Did the system time change, or is the server overloaded? Running 2090ms behind, skipping 41 tick(s)
[20:17:24] [Server thread/WARN]: Can't keep up! Did the system time change, or is the server overloaded? Running 3606ms behind, skipping 72 tick(s)
[20:17:38] [Server thread/WARN]: Can't keep up! Did the system time change, or is the server overloaded? Running 2884ms behind, skipping 57 tick(s)
[20:17:54] [Server thread/WARN]: Can't keep up! Did the system time change, or is the server overloaded? Running 2519ms behind, skipping 50 tick(s)
[20:18:28] [Server thread/WARN]: Can't keep up! Did the system time change, or is the server overloaded? Running 2032ms behind, skipping 40 tick(s)
[20:18:44] [Server thread/WARN]: Can't keep up! Did the system time change, or is the server overloaded? Running 2744ms behind, skipping 54 tick(s)
[20:25:11] [Server thread/INFO]: letag lost connection: TextComponent{text='Disconnected', siblings=[], style=Style{hasParent=false, color=null, bold=null, italic=null, underlined=null, obfuscated=null, clickEvent=null, hoverEvent=null, insertion=null}}
[20:25:11] [Server thread/INFO]: letag left the game
[20:25:14] [Server thread/INFO]: letag[/10.95.6.201:33570] logged in with entity id 371556 at (-927.3155482653276, 31.0, -1632.6862328561244)
[20:25:14] [Server thread/INFO]: letag joined the game
[20:26:05] [Server thread/WARN]: Can't keep up! Did the system time change, or is the server overloaded? Running 2003ms behind, skipping 40 tick(s)
[20:26:24] [Server thread/WARN]: Can't keep up! Did the system time change, or is the server overloaded? Running 2888ms behind, skipping 57 tick(s)
[20:28:46] [Server thread/INFO]: KaijuCandy lost connection: TextComponent{text='Disconnected', siblings=[], style=Style{hasParent=false, color=null, bold=null, italic=null, underlined=null, obfuscated=null, clickEvent=null, hoverEvent=null, insertion=null}}
[20:28:46] [Server thread/INFO]: KaijuCandy left the game
[20:29:23] [Server thread/INFO]: kusumit lost connection: TranslatableComponent{key='disconnect.genericReason', args=[Internal Exception: java.io.IOException: An existing connection was forcibly closed by the remote host], siblings=[], style=Style{hasParent=false, color=null, bold=null, italic=null, underlined=null, obfuscated=null, clickEvent=null, hoverEvent=null, insertion=null}}
[20:29:23] [Server thread/INFO]: kusumit left the game
[20:29:23] [Server thread/INFO]: machew22 lost connection: TranslatableComponent{key='disconnect.genericReason', args=[Internal Exception: java.io.IOException: An existing connection was forcibly closed by the remote host], siblings=[], style=Style{hasParent=false, color=null, bold=null, italic=null, underlined=null, obfuscated=null, clickEvent=null, hoverEvent=null, insertion=null}}
[20:29:23] [Server thread/INFO]: machew22 left the game
[20:29:23] [Server thread/INFO]: letag lost connection: TranslatableComponent{key='disconnect.genericReason', args=[Internal Exception: java.io.IOException: An existing connection was forcibly closed by the remote host], siblings=[], style=Style{hasParent=false, color=null, bold=null, italic=null, underlined=null, obfuscated=null, clickEvent=null, hoverEvent=null, insertion=null}}
[20:29:23] [Server thread/INFO]: letag left the game
[20:30:28] [Server thread/INFO]: michael13162 lost connection: TextComponent{text='Disconnected', siblings=[], style=Style{hasParent=false, color=null, bold=null, italic=null, underlined=null, obfuscated=null, clickEvent=null, hoverEvent=null, insertion=null}}
[20:30:28] [Server thread/INFO]: michael13162 left the game
[20:30:32] [Server thread/INFO]: letag[/10.95.6.201:33582] logged in with entity id 383496 at (-989.7203535408803, 79.0, -1578.2353405322763)
[20:30:32] [Server thread/INFO]: letag joined the game
[20:30:34] [Server thread/INFO]: letag lost connection: TextComponent{text='You logged in from another location', siblings=[], style=Style{hasParent=false, color=null, bold=null, italic=null, underlined=null, obfuscated=null, clickEvent=null, hoverEvent=null, insertion=null}}
[20:30:34] [Server thread/INFO]: letag left the game
[20:30:34] [Server thread/INFO]: letag[/10.95.6.201:33580] logged in with entity id 383980 at (-989.7203535408803, 79.0, -1578.2353405322763)
[20:30:34] [Server thread/INFO]: letag joined the game
[20:30:36] [Server thread/INFO]: machew22[/155.99.150.7:51107] logged in with entity id 383981 at (-688.372376945962, 69.0, -710.1659934548389)
[20:30:36] [Server thread/INFO]: machew22 joined the game
[20:30:37] [Server thread/INFO]: michael13162[/127.0.0.1:1412] logged in with entity id 384422 at (-900.4838803573956, 19.0, -1602.7221629889893)
[20:30:37] [Server thread/INFO]: michael13162 joined the game
[20:30:40] [Server thread/INFO]: kusumit[/10.95.7.34:1911] logged in with entity id 384728 at (-988.3000000119209, 79.0, -1576.5452212469002)
[20:30:40] [Server thread/INFO]: kusumit joined the game
[20:36:00] [Server thread/WARN]: Can't keep up! Did the system time change, or is the server overloaded? Running 2240ms behind, skipping 44 tick(s)
[20:36:18] [Server thread/WARN]: Can't keep up! Did the system time change, or is the server overloaded? Running 4480ms behind, skipping 89 tick(s)
[20:36:35] [Server thread/WARN]: Can't keep up! Did the system time change, or is the server overloaded? Running 4775ms behind, skipping 95 tick(s)
[20:37:33] [Server thread/WARN]: Can't keep up! Did the system time change, or is the server overloaded? Running 2123ms behind, skipping 42 tick(s)
[20:42:22] [Server thread/INFO]: michael13162 has just earned the achievement [Benchmarking]
[20:42:37] [Server thread/WARN]: Can't keep up! Did the system time change, or is the server overloaded? Running 2106ms behind, skipping 42 tick(s)
[20:43:26] [Server thread/WARN]: Can't keep up! Did the system time change, or is the server overloaded? Running 2235ms behind, skipping 44 tick(s)
[20:43:33] [Server thread/WARN]: Boat moved wrongly!
[20:43:33] [Server thread/WARN]: Boat moved wrongly!
[20:43:33] [Server thread/WARN]: Boat moved wrongly!
[20:43:33] [Server thread/WARN]: Boat moved wrongly!
[20:43:33] [Server thread/WARN]: Boat moved wrongly!
[20:43:33] [Server thread/WARN]: Boat moved wrongly!
[20:43:33] [Server thread/WARN]: Boat moved wrongly!
[20:43:33] [Server thread/WARN]: Boat moved wrongly!
[20:43:33] [Server thread/WARN]: Boat moved wrongly!
[20:43:33] [Server thread/WARN]: Boat moved wrongly!
[20:43:33] [Server thread/WARN]: Boat moved wrongly!
[20:43:33] [Server thread/WARN]: Boat moved wrongly!
[20:43:33] [Server thread/WARN]: Boat moved wrongly!
[20:43:33] [Server thread/WARN]: Boat moved wrongly!
[20:43:33] [Server thread/WARN]: Boat moved wrongly!
[20:43:33] [Server thread/WARN]: Boat moved wrongly!
[20:43:33] [Server thread/WARN]: Boat moved wrongly!
[20:43:33] [Server thread/WARN]: Boat moved wrongly!
[20:43:33] [Server thread/WARN]: Boat moved wrongly!
[20:43:33] [Server thread/WARN]: Boat moved wrongly!
[20:43:33] [Server thread/WARN]: Boat moved wrongly!
[20:43:35] [Server thread/WARN]: Boat moved wrongly!
[20:43:35] [Server thread/WARN]: Boat moved wrongly!
[20:43:35] [Server thread/WARN]: Boat moved wrongly!
[20:43:35] [Server thread/WARN]: Boat moved wrongly!
[20:43:35] [Server thread/WARN]: Boat moved wrongly!
[20:43:35] [Server thread/WARN]: Boat moved wrongly!
[20:43:35] [Server thread/WARN]: Boat moved wrongly!
[20:43:35] [Server thread/WARN]: Boat moved wrongly!
[20:43:35] [Server thread/WARN]: Boat moved wrongly!
[20:44:22] [Server thread/WARN]: Can't keep up! Did the system time change, or is the server overloaded? Running 34279ms behind, skipping 685 tick(s)
[20:44:27] [Server thread/WARN]: Can't keep up! Did the system time change, or is the server overloaded? Running 4731ms behind, skipping 94 tick(s)
[20:45:04] [Server thread/WARN]: Can't keep up! Did the system time change, or is the server overloaded? Running 26671ms behind, skipping 533 tick(s)
[20:45:12] [Server thread/WARN]: kusumit moved wrongly!
[20:45:13] [Server thread/WARN]: Can't keep up! Did the system time change, or is the server overloaded? Running 8475ms behind, skipping 169 tick(s)
[20:45:15] [Server thread/WARN]: Boat (vehicle of michael13162) moved too quickly! 2.2043982962884456,0.0,-10.16273095363249
[20:45:15] [Server thread/WARN]: Boat (vehicle of michael13162) moved too quickly! 2.288771135818479,0.0,-10.553724467393295
[20:45:15] [Server thread/WARN]: Boat (vehicle of michael13162) moved too quickly! 2.373133657392259,0.0,-10.944720873028928
[20:45:15] [Server thread/WARN]: Boat (vehicle of michael13162) moved too quickly! 2.457486892805605,0.0,-11.335719881351451
[20:45:15] [Server thread/WARN]: Boat (vehicle of michael13162) moved too quickly! 2.541831770674662,0.0,-11.726721232092586
[20:45:15] [Server thread/WARN]: Boat (vehicle of michael13162) moved too quickly! 2.6261691267542346,0.0,-12.117724691010153
[20:45:15] [Server thread/WARN]: Boat (vehicle of michael13162) moved too quickly! 2.710499713223385,0.0,-12.508730047286463
[20:45:15] [Server thread/WARN]: Boat (vehicle of michael13162) moved too quickly! 2.7948242070432343,0.0,-12.899737111185459
[20:45:15] [Server thread/WARN]: Boat (vehicle of michael13162) moved too quickly! 2.8791432174789406,0.0,-13.290745711944965
[20:45:15] [Server thread/WARN]: Boat (vehicle of michael13162) moved too quickly! 2.963457292869066,0.0,-13.68175569587902
[20:45:15] [Server thread/WARN]: Boat (vehicle of michael13162) moved too quickly! 3.0484479060595504,0.0,-14.072613938173163
[20:45:15] [Server thread/WARN]: Boat (vehicle of michael13162) moved too quickly! 3.1353341930290526,0.0,-14.463012105060443
[20:45:15] [Server thread/WARN]: Boat (vehicle of michael13162) moved too quickly! 3.225739974784119,0.0,-14.852461934133771
[20:45:15] [Server thread/WARN]: Boat (vehicle of michael13162) moved too quickly! 3.320923229736877,0.0,-15.240504237749064
[20:45:15] [Server thread/WARN]: Boat (vehicle of michael13162) moved too quickly! 3.4218352420567726,0.0,-15.626722383100969
[20:45:15] [Server thread/WARN]: Boat (vehicle of michael13162) moved too quickly! 3.5291666602760188,0.0,-16.01075220401617
[20:45:15] [Server thread/WARN]: Boat (vehicle of michael13162) moved too quickly! 3.6433991340466036,0.0,-16.392282163410528
[20:45:15] [Server thread/WARN]: Boat (vehicle of michael13162) moved too quickly! 3.7648372362356213,0.0,-16.771056360523744
[20:46:14] [Server thread/WARN]: Can't keep up! Did the system time change, or is the server overloaded? Running 50496ms behind, skipping 1009 tick(s)
[20:46:20] [Server thread/WARN]: Can't keep up! Did the system time change, or is the server overloaded? Running 5544ms behind, skipping 110 tick(s)
[20:46:50] [Server thread/INFO]: kusumit lost connection: TextComponent{text='Disconnected', siblings=[], style=Style{hasParent=false, color=null, bold=null, italic=null, underlined=null, obfuscated=null, clickEvent=null, hoverEvent=null, insertion=null}}
[20:46:50] [Server thread/INFO]: kusumit left the game
[20:46:57] [Server thread/INFO]: kusumit[/10.95.7.34:3608] logged in with entity id 416001 at (-756.1584160686606, 63.0, -2195.6447488111726)
[20:46:57] [Server thread/INFO]: kusumit joined the game
[20:46:59] [Server thread/WARN]: Can't keep up! Did the system time change, or is the server overloaded? Running 16975ms behind, skipping 339 tick(s)
[20:47:02] [Server thread/WARN]: Can't keep up! Did the system time change, or is the server overloaded? Running 2401ms behind, skipping 48 tick(s)
[20:47:07] [Server thread/WARN]: Boat (vehicle of kusumit) moved too quickly! 9.856359193765115,-1.1798853137179321E-5,2.6197236475732097
[20:47:07] [Server thread/WARN]: Boat (vehicle of kusumit) moved too quickly! 10.245329269005651,-1.1866548895511642E-5,2.703400793880519
[20:47:07] [Server thread/WARN]: Boat (vehicle of kusumit) moved too quickly! 10.632906564593554,-1.1950553123085683E-5,2.792618210255114
[20:47:07] [Server thread/WARN]: Boat (vehicle of kusumit) moved too quickly! 11.018786084131648,-1.2039896049031995E-5,2.8879657599914026
[20:47:07] [Server thread/WARN]: Boat (vehicle of kusumit) moved too quickly! 11.402707926557014,-1.2125912299154606E-5,2.9898478492282266
[20:47:07] [Server thread/WARN]: Boat (vehicle of michael13162) moved too quickly! 5.852122745807264,0.0,-8.435004958398622
[20:47:19] [Server thread/WARN]: kusumit moved wrongly!
[20:47:26] [Server thread/WARN]: Can't keep up! Did the system time change, or is the server overloaded? Running 7216ms behind, skipping 144 tick(s)
[20:47:41] [Server thread/WARN]: Can't keep up! Did the system time change, or is the server overloaded? Running 5103ms behind, skipping 102 tick(s)
[20:48:03] [Server thread/WARN]: Can't keep up! Did the system time change, or is the server overloaded? Running 7828ms behind, skipping 156 tick(s)
[20:48:08] [Server thread/WARN]: Boat (vehicle of michael13162) moved too quickly! -4.7908691928882945,0.0,9.01292830861712
[20:48:08] [Server thread/WARN]: Boat (vehicle of michael13162) moved too quickly! -4.945323354556535,0.0,9.272745733731426
[20:48:08] [Server thread/WARN]: Boat (vehicle of michael13162) moved too quickly! -5.088856337577113,0.0,9.508710081063327
[20:48:08] [Server thread/WARN]: Boat (vehicle of michael13162) moved too quickly! -5.222780492252582,0.0,9.722655952088644
[20:48:08] [Server thread/WARN]: Boat (vehicle of michael13162) moved too quickly! -5.348215686326398,0.0,9.916185033117017
[20:48:08] [Server thread/WARN]: Boat (vehicle of michael13162) moved too quickly! -5.466095972937637,0.0,10.090698421022353
[20:48:08] [Server thread/WARN]: Boat (vehicle of michael13162) moved too quickly! -5.577177259779546,0.0,10.247429464241577
[20:48:08] [Server thread/WARN]: Boat (vehicle of michael13162) moved too quickly! -5.682046521487337,0.0,10.387473425441385
[20:48:08] [Server thread/WARN]: Boat (vehicle of michael13162) moved too quickly! -5.781133011414568,0.0,10.511818612115349
[20:48:08] [Server thread/WARN]: Boat (vehicle of michael13162) moved too quickly! -5.874721134092397,0.0,10.621373561897144
[20:48:08] [Server thread/WARN]: Boat (vehicle of michael13162) moved too quickly! -5.962965623019045,0.0,10.716993362762878
[20:48:08] [Server thread/WARN]: Boat (vehicle of michael13162) moved too quickly! -6.045908630964277,0.0,10.799503128168908
[20:48:08] [Server thread/WARN]: Boat (vehicle of michael13162) moved too quickly! -6.1440885979690165,0.0,10.841415670165588
[20:48:08] [Server thread/WARN]: Boat (vehicle of michael13162) moved too quickly! -6.251323344795196,0.0,10.843869149420243
[20:48:08] [Server thread/WARN]: kusumit moved too quickly! -5.5796094645336325,1.0,8.41512490397281
[20:48:08] [Server thread/WARN]: Boat (vehicle of michael13162) moved too quickly! -6.36220536688063,0.0,10.808747916122684
[20:48:08] [Server thread/WARN]: Boat (vehicle of michael13162) moved too quickly! -6.472130755555781,0.0,10.738443184756761
[20:48:08] [Server thread/WARN]: Boat (vehicle of michael13162) moved too quickly! -6.577266432278634,0.0,10.635652795878741
[20:48:08] [Server thread/WARN]: Boat (vehicle of michael13162) moved too quickly! -6.674505939660662,0.0,10.503227175613574
[20:48:08] [Server thread/WARN]: Boat (vehicle of michael13162) moved too quickly! -6.761388753312417,0.0,10.344049124491448
[20:48:20] [Server thread/WARN]: Can't keep up! Did the system time change, or is the server overloaded? Running 9147ms behind, skipping 182 tick(s)
[20:48:30] [Server thread/WARN]: Can't keep up! Did the system time change, or is the server overloaded? Running 2573ms behind, skipping 51 tick(s)
[20:48:47] [Server thread/WARN]: Can't keep up! Did the system time change, or is the server overloaded? Running 2225ms behind, skipping 44 tick(s)
[20:48:58] [Server thread/WARN]: Boat (vehicle of kusumit) moved too quickly! -0.88043151292527,0.0,10.021908867592856
[20:49:05] [Server thread/WARN]: Can't keep up! Did the system time change, or is the server overloaded? Running 2723ms behind, skipping 54 tick(s)
[20:58:05] [Server thread/INFO]: machew22 lost connection: TextComponent{text='Disconnected', siblings=[], style=Style{hasParent=false, color=null, bold=null, italic=null, underlined=null, obfuscated=null, clickEvent=null, hoverEvent=null, insertion=null}}
[20:58:05] [Server thread/INFO]: machew22 left the game
[20:58:40] [Server thread/INFO]: letag lost connection: TextComponent{text='Disconnected', siblings=[], style=Style{hasParent=false, color=null, bold=null, italic=null, underlined=null, obfuscated=null, clickEvent=null, hoverEvent=null, insertion=null}}
[20:58:40] [Server thread/INFO]: letag left the game
[20:58:44] [Server thread/INFO]: kusumit lost connection: TranslatableComponent{key='disconnect.genericReason', args=[Internal Exception: java.io.IOException: An established connection was aborted by the software in your host machine], siblings=[], style=Style{hasParent=false, color=null, bold=null, italic=null, underlined=null, obfuscated=null, clickEvent=null, hoverEvent=null, insertion=null}}
[20:58:44] [Server thread/INFO]: kusumit left the game
[20:58:46] [Server thread/INFO]: michael13162 lost connection: TextComponent{text='Disconnected', siblings=[], style=Style{hasParent=false, color=null, bold=null, italic=null, underlined=null, obfuscated=null, clickEvent=null, hoverEvent=null, insertion=null}}
[20:58:46] [Server thread/INFO]: michael13162 left the game
[20:58:53] [Server thread/INFO]: Stopping the server
[20:58:53] [Server thread/INFO]: Stopping server
[20:58:53] [Server thread/INFO]: Saving players
[20:58:53] [Server thread/INFO]: Saving worlds
[20:58:53] [Server thread/INFO]: Saving chunks for level 'Fall2016'/Overworld
[20:58:53] [Server thread/INFO]: Saving chunks for level 'Fall2016'/Nether
[20:58:53] [Server thread/INFO]: Saving chunks for level 'Fall2016'/The End
[20:58:53] [Server Shutdown Thread/INFO]: Stopping server
